<?xml version="1.0" encoding="UTF-8"?>
<testng-results ignored="0" total="0" passed="0" failed="0" skipped="0">
  <reporter-output>
  </reporter-output>
  <suite started-at="2024-11-23T11:30:21 AWST" name="Default suite" finished-at="2024-11-23T11:30:22 AWST" duration-ms="589">
    <groups>
      <group name="cucumber">
        <method signature="AbstractTestNGCucumberTests.runScenario(io.cucumber.testng.PickleWrapper,io.cucumber.testng.FeatureWrapper)[pri:0, instance:Runner.Runner@477b4cdf]" name="runScenario" class="io.cucumber.testng.AbstractTestNGCucumberTests"/>
      </group> <!-- cucumber -->
    </groups>
    <test started-at="2024-11-23T11:30:21 AWST" name="Default test" finished-at="2024-11-23T11:30:22 AWST" duration-ms="589">
      <class name="Runner.Runner">
        <test-method is-config="true" signature="setUpClass(org.testng.ITestContext)[pri:0, instance:Runner.Runner@477b4cdf]" started-at="2024-11-23T11:30:21 AWST" name="setUpClass" finished-at="2024-11-23T11:30:22 AWST" duration-ms="531" status="FAIL">
          <params>
            <param index="0">
              <value>
                <![CDATA[org.testng.TestRunner@7203c7ff]]>
              </value>
            </param>
          </params>
          <exception class="io.cucumber.core.gherkin.FeatureParserException">
            <message>
              <![CDATA[Failed to parse resource at: file:///C:/Users/user/eclipse-workspace/Cucumber_Project/src/test/resources/Features/Sumit2.feature
(3:3): expected: #TagLine, #FeatureLine, #Comment, #Empty, got 'Scenario Outline: Check login is successful with valid creds'
(4:5): expected: #TagLine, #FeatureLine, #Comment, #Empty, got 'Given user is on login page'
(5:5): expected: #TagLine, #FeatureLine, #Comment, #Empty, got 'When user enters valid "<username>" and "<password>"'
(6:5): expected: #TagLine, #FeatureLine, #Comment, #Empty, got 'And Click on login Button'
(7:5): expected: #TagLine, #FeatureLine, #Comment, #Empty, got 'Then User is navigated to Home Page'
(8:5): expected: #TagLine, #FeatureLine, #Comment, #Empty, got 'And close the browser'
(10:5): expected: #TagLine, #FeatureLine, #Comment, #Empty, got 'Examples:'
(11:5): expected: #TagLine, #FeatureLine, #Comment, #Empty, got '| username | password |'
(12:5): expected: #TagLine, #FeatureLine, #Comment, #Empty, got '| locked_out_user | secret_sauce |'
(13:5): expected: #TagLine, #FeatureLine, #Comment, #Empty, got '| problem_user |  secret_sauce |'
(14:5): expected: #TagLine, #FeatureLine, #Comment, #Empty, got '| standard_user |  secret_sauce |']]>
            </message>
            <full-stacktrace>
              <![CDATA[io.cucumber.core.gherkin.FeatureParserException: Failed to parse resource at: file:///C:/Users/user/eclipse-workspace/Cucumber_Project/src/test/resources/Features/Sumit2.feature
(3:3): expected: #TagLine, #FeatureLine, #Comment, #Empty, got 'Scenario Outline: Check login is successful with valid creds'
(4:5): expected: #TagLine, #FeatureLine, #Comment, #Empty, got 'Given user is on login page'
(5:5): expected: #TagLine, #FeatureLine, #Comment, #Empty, got 'When user enters valid "<username>" and "<password>"'
(6:5): expected: #TagLine, #FeatureLine, #Comment, #Empty, got 'And Click on login Button'
(7:5): expected: #TagLine, #FeatureLine, #Comment, #Empty, got 'Then User is navigated to Home Page'
(8:5): expected: #TagLine, #FeatureLine, #Comment, #Empty, got 'And close the browser'
(10:5): expected: #TagLine, #FeatureLine, #Comment, #Empty, got 'Examples:'
(11:5): expected: #TagLine, #FeatureLine, #Comment, #Empty, got '| username | password |'
(12:5): expected: #TagLine, #FeatureLine, #Comment, #Empty, got '| locked_out_user | secret_sauce |'
(13:5): expected: #TagLine, #FeatureLine, #Comment, #Empty, got '| problem_user |  secret_sauce |'
(14:5): expected: #TagLine, #FeatureLine, #Comment, #Empty, got '| standard_user |  secret_sauce |'
at io.cucumber.core.gherkin.messages.GherkinMessagesFeatureParser.parse(GherkinMessagesFeatureParser.java:56)
at io.cucumber.core.feature.FeatureParser.parseResource(FeatureParser.java:46)
at java.base/java.util.function.BiFunction.lambda$andThen$0(BiFunction.java:70)
at io.cucumber.core.resource.ResourceScanner.lambda$processResource$1(ResourceScanner.java:79)
at io.cucumber.core.resource.PathScanner$ResourceFileVisitor.visitFile(PathScanner.java:75)
at io.cucumber.core.resource.PathScanner$ResourceFileVisitor.visitFile(PathScanner.java:60)
at java.base/java.nio.file.Files.walkFileTree(Files.java:2786)
at io.cucumber.core.resource.PathScanner.findResourcesForPath(PathScanner.java:53)
at io.cucumber.core.resource.PathScanner.findResourcesForUri(PathScanner.java:31)
at io.cucumber.core.resource.ResourceScanner.findResourcesForUri(ResourceScanner.java:61)
at io.cucumber.core.resource.ResourceScanner.scanForResourcesUri(ResourceScanner.java:134)
at io.cucumber.core.runtime.FeaturePathFeatureSupplier.loadFeatures(FeaturePathFeatureSupplier.java:62)
at io.cucumber.core.runtime.FeaturePathFeatureSupplier.get(FeaturePathFeatureSupplier.java:45)
at io.cucumber.testng.TestNGCucumberRunner.<init>(TestNGCucumberRunner.java:122)
at io.cucumber.testng.AbstractTestNGCucumberTests.setUpClass(AbstractTestNGCucumberTests.java:27)
at java.base/jdk.internal.reflect.DirectMethodHandleAccessor.invoke(DirectMethodHandleAccessor.java:103)
at java.base/java.lang.reflect.Method.invoke(Method.java:580)
at org.testng.internal.invokers.MethodInvocationHelper.invokeMethod(MethodInvocationHelper.java:141)
at org.testng.internal.invokers.MethodInvocationHelper.invokeMethodConsideringTimeout(MethodInvocationHelper.java:71)
at org.testng.internal.invokers.ConfigInvoker.invokeConfigurationMethod(ConfigInvoker.java:400)
at org.testng.internal.invokers.ConfigInvoker.invokeConfigurations(ConfigInvoker.java:333)
at org.testng.internal.invokers.TestMethodWorker.invokeBeforeClassMethods(TestMethodWorker.java:188)
at org.testng.internal.invokers.TestMethodWorker.run(TestMethodWorker.java:128)
at java.base/java.util.ArrayList.forEach(ArrayList.java:1596)
at org.testng.TestRunner.privateRun(TestRunner.java:739)
at org.testng.TestRunner.run(TestRunner.java:614)
at org.testng.SuiteRunner.runTest(SuiteRunner.java:421)
at org.testng.SuiteRunner.runSequentially(SuiteRunner.java:413)
at org.testng.SuiteRunner.privateRun(SuiteRunner.java:373)
at org.testng.SuiteRunner.run(SuiteRunner.java:312)
at org.testng.SuiteRunnerWorker.runSuite(SuiteRunnerWorker.java:52)
at org.testng.SuiteRunnerWorker.run(SuiteRunnerWorker.java:95)
at org.testng.TestNG.runSuitesSequentially(TestNG.java:1274)
at org.testng.TestNG.runSuitesLocally(TestNG.java:1208)
at org.testng.TestNG.runSuites(TestNG.java:1112)
at org.testng.TestNG.run(TestNG.java:1079)
at org.testng.remote.AbstractRemoteTestNG.run(AbstractRemoteTestNG.java:115)
at org.testng.remote.RemoteTestNG.initAndRun(RemoteTestNG.java:293)
at org.testng.remote.RemoteTestNG.main(RemoteTestNG.java:91)
]]>
            </full-stacktrace>
          </exception> <!-- io.cucumber.core.gherkin.FeatureParserException -->
          <reporter-output>
          </reporter-output>
        </test-method> <!-- setUpClass -->
        <test-method is-config="true" signature="tearDownClass()[pri:0, instance:Runner.Runner@477b4cdf]" started-at="2024-11-23T11:30:22 AWST" name="tearDownClass" finished-at="2024-11-23T11:30:22 AWST" duration-ms="2" status="PASS">
          <reporter-output>
          </reporter-output>
        </test-method> <!-- tearDownClass -->
      </class> <!-- Runner.Runner -->
    </test> <!-- Default test -->
  </suite> <!-- Default suite -->
</testng-results>
